<?xml version="1.0" encoding="UTF-8"?>
<!-- Generated by org.testng.reporters.JUnitReportReporter -->
<testsuite hostname="PSL" failures="0" tests="1" name="com.teamgate.crm.settingsTest.AccessSettingsTest" time="107.370" errors="0" timestamp="2025-10-17T13:28:53 IST" skipped="0">
  <testcase classname="com.teamgate.crm.settingsTest.AccessSettingsTest" name="accessSettingsTest" time="107.370"/>
  <system-out>
    <![CDATA[====Connect To DB, Report Configuration====
====Open Browser====
====Logout of Application====
====Close Browser====
====Close DB Connection, Report Backup====]]>
  </system-out>
</testsuite> <!-- com.teamgate.crm.settingsTest.AccessSettingsTest -->
