<?xml version="1.0" encoding="UTF-8"?>
<!-- Generated by org.testng.reporters.JUnitReportReporter -->
<testsuite hostname="DESKTOP-QOG50G5" failures="0" tests="1" name="com.teamgate.crm.lnsightsTest.VerifyInsightsTest" time="23.768" errors="0" timestamp="2025-10-24T17:29:12 IST" skipped="0">
  <testcase classname="com.teamgate.crm.lnsightsTest.VerifyInsightsTest" name="verifyInsightsTest" time="23.768">
    <system-out>
      <![CDATA[Verified Insights module]]>
    </system-out>
  </testcase> <!-- verifyInsightsTest -->
  <system-out>
    <![CDATA[====Open Browser====
Settings page is verified successfully
====Logout of Application====
====Close Browser====
====Open Browser====
New Deal is verified successfully
====Logout of Application====
====Close Browser====
====Open Browser====
Lead is verified successfully
====Logout of Application====
====Close Browser====
====Open Browser====
Deal is verified successfully
====Logout of Application====
====Close Browser====
====Open Browser====
modification is verified successfully
====Logout of Application====
====Close Browser====
====Open Browser====
====Logout of Application====
====Close Browser====
====Open Browser====
Activity is verified in Activity feed successfully
====Logout of Application====
====Close Browser====
====Open Browser====
person linked to company is verified successfully
====Logout of Application====
====Close Browser====
====Open Browser====
Verified Insights module
====Logout of Application====
====Close Browser====]]>
  </system-out>
</testsuite> <!-- com.teamgate.crm.lnsightsTest.VerifyInsightsTest -->
