<?xml version="1.0" encoding="UTF-8"?>
<!-- Generated by org.testng.reporters.JUnitReportReporter -->
<testsuite hostname="PSL" failures="0" tests="1" name="com.teamgate.crm.leadTest.CreateNewLeadTest" time="99.404" errors="0" timestamp="2025-10-17T16:09:21 IST" skipped="0">
  <testcase classname="com.teamgate.crm.leadTest.CreateNewLeadTest" name="createNewLeadTest" time="99.404"/>
  <system-out>
    <![CDATA[====Connect To DB, Report Configuration====
====Open Browser====
====Logout of Application====
====Close Browser====
====Close DB Connection, Report Backup====]]>
  </system-out>
</testsuite> <!-- com.teamgate.crm.leadTest.CreateNewLeadTest -->
