<?xml version="1.0" encoding="UTF-8"?>
<!-- Generated by org.testng.reporters.JUnitReportReporter -->
<testsuite hostname="DESKTOP-QOG50G5" failures="0" tests="1" name="com.teamgate.crm.settingsTest.AccessSettingsTest" time="56.204" errors="0" timestamp="2025-10-24T16:09:54 IST" skipped="0">
  <testcase classname="com.teamgate.crm.settingsTest.AccessSettingsTest" name="accessSettingsTest" time="56.204">
    <system-out>
      <![CDATA[Settings page is verified successfully]]>
    </system-out>
  </testcase> <!-- accessSettingsTest -->
  <system-out>
    <![CDATA[====Open Browser====
====Open Browser====
====Open Browser====
====Open Browser====
====Open Browser====
Settings page is verified successfully
====Logout of Application====
====Close Browser====
====Open Browser====
Deal is verified successfully
====Logout of Application====
====Close Browser====
====Open Browser====
====Logout of Application====
====Close Browser====
====Open Browser====
modification is verified successfully
====Logout of Application====
====Close Browser====
====Open Browser====
Lead is verified successfully
====Logout of Application====
====Close Browser====
====Logout of Application====]]>
  </system-out>
</testsuite> <!-- com.teamgate.crm.settingsTest.AccessSettingsTest -->
