<?xml version="1.0" encoding="UTF-8"?>
<!-- Generated by org.testng.reporters.JUnitReportReporter -->
<testsuite hostname="PSL" failures="0" tests="1" name="com.teamgate.crm.organizerTest.AddMeetingViaOrganizerTest" time="162.318" errors="0" timestamp="2025-10-23T13:28:55 IST" skipped="0">
  <testcase classname="com.teamgate.crm.organizerTest.AddMeetingViaOrganizerTest" name="addMeetingViaOrganizerTest" time="162.318"/>
  <system-out>
    <![CDATA[====Connect To DB, Report Configuration====
====Open Browser====
====Logout of Application====
====Close Browser====
====Close DB Connection, Report Backup====]]>
  </system-out>
</testsuite> <!-- com.teamgate.crm.organizerTest.AddMeetingViaOrganizerTest -->
