<?xml version="1.0" encoding="UTF-8"?>
<!-- Generated by org.testng.reporters.JUnitReportReporter -->
<testsuite hostname="PSL" failures="0" tests="1" name="com.teamgate.crm.loginTest.VerifyInsightsTest" time="90.024" errors="0" timestamp="2025-10-17T12:35:08 IST" skipped="0">
  <testcase classname="com.teamgate.crm.loginTest.VerifyInsightsTest" name="login" time="90.024"/>
  <system-out>
    <![CDATA[====Connect To DB, Report Configuration====
====Open Browser====
====Logout of Application====
====Close Browser====
====Close DB Connection, Report Backup====]]>
  </system-out>
</testsuite> <!-- com.teamgate.crm.loginTest.VerifyInsightsTest -->
