<?xml version="1.0" encoding="UTF-8"?>
<!-- Generated by org.testng.reporters.JUnitReportReporter -->
<testsuite hostname="DESKTOP-QOG50G5" failures="0" tests="1" name="com.teamgate.crm.leadTest.CreateNewLeadTest" time="57.065" errors="0" timestamp="2025-10-24T16:09:54 IST" skipped="0">
  <testcase classname="com.teamgate.crm.leadTest.CreateNewLeadTest" name="createNewLeadTest" time="57.065">
    <system-out>
      <![CDATA[Lead is verified successfully]]>
    </system-out>
  </testcase> <!-- createNewLeadTest -->
  <system-out>
    <![CDATA[====Open Browser====
====Open Browser====
====Open Browser====
====Open Browser====
====Open Browser====
Settings page is verified successfully
====Logout of Application====
====Close Browser====
====Open Browser====
Deal is verified successfully
====Logout of Application====
====Close Browser====
====Open Browser====
====Logout of Application====
====Close Browser====
====Open Browser====
modification is verified successfully
====Logout of Application====
====Close Browser====
====Open Browser====
Lead is verified successfully
====Logout of Application====
====Close Browser====
====Logout of Application====]]>
  </system-out>
</testsuite> <!-- com.teamgate.crm.leadTest.CreateNewLeadTest -->
